Determining if the pthread_create exist failed with the following output:
Change Dir: /home/ironlion/RoboCar/build/CMakeFiles/CMakeTmp

Run Build Command:"/usr/bin/make" "cmTC_164dd/fast"
/usr/bin/make -f CMakeFiles/cmTC_164dd.dir/build.make CMakeFiles/cmTC_164dd.dir/build
make[1]: Entering directory '/home/ironlion/RoboCar/build/CMakeFiles/CMakeTmp'
Building C object CMakeFiles/cmTC_164dd.dir/CheckSymbolExists.c.o
/usr/bin/cc    -o CMakeFiles/cmTC_164dd.dir/CheckSymbolExists.c.o   -c /home/ironlion/RoboCar/build/CMakeFiles/CMakeTmp/CheckSymbolExists.c
Linking C executable cmTC_164dd
/usr/bin/cmake -E cmake_link_script CMakeFiles/cmTC_164dd.dir/link.txt --verbose=1
/usr/bin/cc      -rdynamic CMakeFiles/cmTC_164dd.dir/CheckSymbolExists.c.o  -o cmTC_164dd 
CMakeFiles/cmTC_164dd.dir/CheckSymbolExists.c.o: In function `main':
CheckSymbolExists.c:(.text+0x1b): undefined reference to `pthread_create'
collect2: error: ld returned 1 exit status
CMakeFiles/cmTC_164dd.dir/build.make:97: recipe for target 'cmTC_164dd' failed
make[1]: *** [cmTC_164dd] Error 1
make[1]: Leaving directory '/home/ironlion/RoboCar/build/CMakeFiles/CMakeTmp'
Makefile:126: recipe for target 'cmTC_164dd/fast' failed
make: *** [cmTC_164dd/fast] Error 2

File /home/ironlion/RoboCar/build/CMakeFiles/CMakeTmp/CheckSymbolExists.c:
/* */
#include <pthread.h>

int main(int argc, char** argv)
{
  (void)argv;
#ifndef pthread_create
  return ((int*)(&pthread_create))[argc];
#else
  (void)argc;
  return 0;
#endif
}

Determining if the function pthread_create exists in the pthreads failed with the following output:
Change Dir: /home/ironlion/RoboCar/build/CMakeFiles/CMakeTmp

Run Build Command:"/usr/bin/make" "cmTC_0244d/fast"
/usr/bin/make -f CMakeFiles/cmTC_0244d.dir/build.make CMakeFiles/cmTC_0244d.dir/build
make[1]: Entering directory '/home/ironlion/RoboCar/build/CMakeFiles/CMakeTmp'
Building C object CMakeFiles/cmTC_0244d.dir/CheckFunctionExists.c.o
/usr/bin/cc   -DCHECK_FUNCTION_EXISTS=pthread_create   -o CMakeFiles/cmTC_0244d.dir/CheckFunctionExists.c.o   -c /usr/share/cmake-3.10/Modules/CheckFunctionExists.c
Linking C executable cmTC_0244d
/usr/bin/cmake -E cmake_link_script CMakeFiles/cmTC_0244d.dir/link.txt --verbose=1
/usr/bin/cc  -DCHECK_FUNCTION_EXISTS=pthread_create    -rdynamic CMakeFiles/cmTC_0244d.dir/CheckFunctionExists.c.o  -o cmTC_0244d -lpthreads 
/usr/bin/ld: cannot find -lpthreads
collect2: error: ld returned 1 exit status
CMakeFiles/cmTC_0244d.dir/build.make:97: recipe for target 'cmTC_0244d' failed
make[1]: *** [cmTC_0244d] Error 1
make[1]: Leaving directory '/home/ironlion/RoboCar/build/CMakeFiles/CMakeTmp'
Makefile:126: recipe for target 'cmTC_0244d/fast' failed
make: *** [cmTC_0244d/fast] Error 2


